{"name": "Test_User_Login_Params", "status": "broken", "statusDetails": {"message": "selenium.common.exceptions.ElementClickInterceptedException: Message: element click intercepted: Element <a class=\"nav-link\" href=\"/logout\">...</a> is not clickable at point (1416, 28). Other element would receive the click: <div id=\"ajaxBusy\" style=\"display: block;\">...</div>\n  (Session info: chrome=121.0.6167.161)\nStacktrace:\n\tGetHandleVerifier [0x00007FF725EC5E42+3538674]\n\t(No symbol) [0x00007FF725AE4C02]\n\t(No symbol) [0x00007FF725995AEB]\n\t(No symbol) [0x00007FF7259E33E4]\n\t(No symbol) [0x00007FF7259E1122]\n\t(No symbol) [0x00007FF7259DE884]\n\t(No symbol) [0x00007FF7259DD5A9]\n\t(No symbol) [0x00007FF7259D1950]\n\t(No symbol) [0x00007FF7259FF0AA]\n\t(No symbol) [0x00007FF7259D124A]\n\t(No symbol) [0x00007FF7259FF2C0]\n\t(No symbol) [0x00007FF725A1BDE3]\n\t(No symbol) [0x00007FF7259FEE53]\n\t(No symbol) [0x00007FF7259CF514]\n\t(No symbol) [0x00007FF7259D0631]\n\tGetHandleVerifier [0x00007FF725EF6CAD+3738973]\n\tGetHandleVerifier [0x00007FF725F4C506+4089270]\n\tGetHandleVerifier [0x00007FF725F44823+4057299]\n\tGetHandleVerifier [0x00007FF725C15C49+720121]\n\t(No symbol) [0x00007FF725AF126F]\n\t(No symbol) [0x00007FF725AEC304]\n\t(No symbol) [0x00007FF725AEC432]\n\t(No symbol) [0x00007FF725ADBD04]\n\tBaseThreadInitThunk [0x00007FFCB40C7344+20]\n\tRtlUserThreadStart [0x00007FFCB50026B1+33]", "trace": "self = <test_cases.test_user_login_params.Test_user_login object at 0x00000255E2F1C290>\nsetup = <selenium.webdriver.chrome.webdriver.WebDriver (session=\"c2cd24a4e9154c3e87a83b988031bb53\")>\ndata_for_login = ('admin@yourstore.com', 'admin', 'pass')\n\n    @allure.title('Test_User_Login_Params')\n    @allure.feature('Login Through Params')\n    @allure.story('validating login with multiple parameters')\n    @allure.description('testing_login_functionality')\n    @allure.issue('ABC-005')\n    @allure.link(url=\"--> https://admin-demo.nopcommerce.com\", name=\"--> nop_commerce\")\n    @allure.severity(allure.severity_level.CRITICAL)\n    def test_login_with_params(self, setup, data_for_login):\n        self.logs.info(\"Testcase 'test_login_with_params' Started\")\n        self.logs.info(\"Opening the Browser\")\n        self.driver = setup\n        self.logs.info(\"Assigning Variable to Login Page\")\n        self.lp = Login_page(self.driver)\n        self.logs.info(\"Entering Email from Params -->\" + data_for_login[0])\n        self.lp.email(data_for_login[0])\n        self.logs.info(\"Entering Password from Params -->\" + data_for_login[1])\n        self.lp.password(data_for_login[1])\n        self.logs.info(\"Clicking on Login Button\")\n        self.lp.login_btn()\n        testcase_status_list = []\n        if self.lp.login_verification() == \"Login Passed\":\n            self.logs.info(\"Login Successful\")\n            self.logs.info(\"Entered into 'outer if block'\")\n            if data_for_login[2] == \"pass\":\n                self.logs.info(\"Entered into 'inner if block' of 'outer if block' -->\" + data_for_login[2])\n                self.logs.info(\"Appending the list\")\n                testcase_status_list.append(\"pass\")\n                self.logs.info(\"Capturing Screenshot for Allure Report\")\n                allure.attach(self.driver.get_screenshot_as_png(), name='test_login_with_params_passed',\n                              attachment_type=AttachmentType.PNG)\n                self.logs.info(\"Clicking on logout Button\")\n>               self.lp.logout_btn()\n\ntest_cases\\test_user_login_params.py:42: \n_ _ _ _ _ _ _ _ _ _ _ _ _ _ _ _ _ _ _ _ _ _ _ _ _ _ _ _ _ _ _ _ _ _ _ _ _ _ _ _\npage_objects\\login_page.py:34: in logout_btn\n    self.driver.find_element(By.XPATH, self.logout_button_by_xpath).click()\nD:\\Pytest_params_DDt\\Lib\\site-packages\\selenium\\webdriver\\remote\\webelement.py:94: in click\n    self._execute(Command.CLICK_ELEMENT)\nD:\\Pytest_params_DDt\\Lib\\site-packages\\selenium\\webdriver\\remote\\webelement.py:395: in _execute\n    return self._parent.execute(command, params)\nD:\\Pytest_params_DDt\\Lib\\site-packages\\selenium\\webdriver\\remote\\webdriver.py:347: in execute\n    self.error_handler.check_response(response)\n_ _ _ _ _ _ _ _ _ _ _ _ _ _ _ _ _ _ _ _ _ _ _ _ _ _ _ _ _ _ _ _ _ _ _ _ _ _ _ _\n\nself = <selenium.webdriver.remote.errorhandler.ErrorHandler object at 0x00000255E2F11210>\nresponse = {'status': 400, 'value': '{\"value\":{\"error\":\"element click intercepted\",\"message\":\"element click intercepted: Element ...07FF725ADBD04]\\\\n\\\\tBaseThreadInitThunk [0x00007FFCB40C7344+20]\\\\n\\\\tRtlUserThreadStart [0x00007FFCB50026B1+33]\\\\n\"}}'}\n\n    def check_response(self, response: Dict[str, Any]) -> None:\n        \"\"\"Checks that a JSON response from the WebDriver does not have an\n        error.\n    \n        :Args:\n         - response - The JSON response from the WebDriver server as a dictionary\n           object.\n    \n        :Raises: If the response contains an error message.\n        \"\"\"\n        status = response.get(\"status\", None)\n        if not status or status == ErrorCode.SUCCESS:\n            return\n        value = None\n        message = response.get(\"message\", \"\")\n        screen: str = response.get(\"screen\", \"\")\n        stacktrace = None\n        if isinstance(status, int):\n            value_json = response.get(\"value\", None)\n            if value_json and isinstance(value_json, str):\n                import json\n    \n                try:\n                    value = json.loads(value_json)\n                    if len(value) == 1:\n                        value = value[\"value\"]\n                    status = value.get(\"error\", None)\n                    if not status:\n                        status = value.get(\"status\", ErrorCode.UNKNOWN_ERROR)\n                        message = value.get(\"value\") or value.get(\"message\")\n                        if not isinstance(message, str):\n                            value = message\n                            message = message.get(\"message\")\n                    else:\n                        message = value.get(\"message\", None)\n                except ValueError:\n                    pass\n    \n        exception_class: Type[WebDriverException]\n        e = ErrorCode()\n        error_codes = [item for item in dir(e) if not item.startswith(\"__\")]\n        for error_code in error_codes:\n            error_info = getattr(ErrorCode, error_code)\n            if isinstance(error_info, list) and status in error_info:\n                exception_class = getattr(ExceptionMapping, error_code, WebDriverException)\n                break\n        else:\n            exception_class = WebDriverException\n    \n        if not value:\n            value = response[\"value\"]\n        if isinstance(value, str):\n            raise exception_class(value)\n        if message == \"\" and \"message\" in value:\n            message = value[\"message\"]\n    \n        screen = None  # type: ignore[assignment]\n        if \"screen\" in value:\n            screen = value[\"screen\"]\n    \n        stacktrace = None\n        st_value = value.get(\"stackTrace\") or value.get(\"stacktrace\")\n        if st_value:\n            if isinstance(st_value, str):\n                stacktrace = st_value.split(\"\\n\")\n            else:\n                stacktrace = []\n                try:\n                    for frame in st_value:\n                        line = frame.get(\"lineNumber\", \"\")\n                        file = frame.get(\"fileName\", \"<anonymous>\")\n                        if line:\n                            file = f\"{file}:{line}\"\n                        meth = frame.get(\"methodName\", \"<anonymous>\")\n                        if \"className\" in frame:\n                            meth = f\"{frame['className']}.{meth}\"\n                        msg = \"    at %s (%s)\"\n                        msg = msg % (meth, file)\n                        stacktrace.append(msg)\n                except TypeError:\n                    pass\n        if exception_class == UnexpectedAlertPresentException:\n            alert_text = None\n            if \"data\" in value:\n                alert_text = value[\"data\"].get(\"text\")\n            elif \"alert\" in value:\n                alert_text = value[\"alert\"].get(\"text\")\n            raise exception_class(message, screen, stacktrace, alert_text)  # type: ignore[call-arg]  # mypy is not smart enough here\n>       raise exception_class(message, screen, stacktrace)\nE       selenium.common.exceptions.ElementClickInterceptedException: Message: element click intercepted: Element <a class=\"nav-link\" href=\"/logout\">...</a> is not clickable at point (1416, 28). Other element would receive the click: <div id=\"ajaxBusy\" style=\"display: block;\">...</div>\nE         (Session info: chrome=121.0.6167.161)\nE       Stacktrace:\nE       \tGetHandleVerifier [0x00007FF725EC5E42+3538674]\nE       \t(No symbol) [0x00007FF725AE4C02]\nE       \t(No symbol) [0x00007FF725995AEB]\nE       \t(No symbol) [0x00007FF7259E33E4]\nE       \t(No symbol) [0x00007FF7259E1122]\nE       \t(No symbol) [0x00007FF7259DE884]\nE       \t(No symbol) [0x00007FF7259DD5A9]\nE       \t(No symbol) [0x00007FF7259D1950]\nE       \t(No symbol) [0x00007FF7259FF0AA]\nE       \t(No symbol) [0x00007FF7259D124A]\nE       \t(No symbol) [0x00007FF7259FF2C0]\nE       \t(No symbol) [0x00007FF725A1BDE3]\nE       \t(No symbol) [0x00007FF7259FEE53]\nE       \t(No symbol) [0x00007FF7259CF514]\nE       \t(No symbol) [0x00007FF7259D0631]\nE       \tGetHandleVerifier [0x00007FF725EF6CAD+3738973]\nE       \tGetHandleVerifier [0x00007FF725F4C506+4089270]\nE       \tGetHandleVerifier [0x00007FF725F44823+4057299]\nE       \tGetHandleVerifier [0x00007FF725C15C49+720121]\nE       \t(No symbol) [0x00007FF725AF126F]\nE       \t(No symbol) [0x00007FF725AEC304]\nE       \t(No symbol) [0x00007FF725AEC432]\nE       \t(No symbol) [0x00007FF725ADBD04]\nE       \tBaseThreadInitThunk [0x00007FFCB40C7344+20]\nE       \tRtlUserThreadStart [0x00007FFCB50026B1+33]\n\nD:\\Pytest_params_DDt\\Lib\\site-packages\\selenium\\webdriver\\remote\\errorhandler.py:229: ElementClickInterceptedException"}, "description": "testing_login_functionality", "attachments": [{"name": "test_login_with_params_passed", "source": "ba9c18cb-d0ba-4e2b-8a73-9eca37df12de-attachment.png", "type": "image/png"}, {"name": "log", "source": "c59576a5-f963-45f9-aaaa-2a6342e35349-attachment.txt", "type": "text/plain"}, {"name": "stdout", "source": "fc8d6be1-01fe-444e-8d6b-58c744b26f6a-attachment.txt", "type": "text/plain"}], "parameters": [{"name": "data_for_login", "value": "('admin@yourstore.com', 'admin', 'pass')"}], "start": 1707470204972, "stop": 1707470226225, "uuid": "7965e430-5fbe-41a2-98d2-1da56b626763", "historyId": "0a47b2b6cfb58054f60385e9fc5d8ceb", "testCaseId": "637901da7086999cee4ed610515a9e89", "fullName": "test_cases.test_user_login_params.Test_user_login#test_login_with_params", "labels": [{"name": "feature", "value": "Login Through Params"}, {"name": "story", "value": "validating login with multiple parameters"}, {"name": "severity", "value": "critical"}, {"name": "parentSuite", "value": "test_cases"}, {"name": "suite", "value": "test_user_login_params"}, {"name": "subSuite", "value": "Test_user_login"}, {"name": "host", "value": "LAPTOP-1DT8TVKR"}, {"name": "thread", "value": "7208-MainThread"}, {"name": "framework", "value": "pytest"}, {"name": "language", "value": "cpython3"}, {"name": "package", "value": "test_cases.test_user_login_params"}], "links": [{"type": "link", "url": "--> https://admin-demo.nopcommerce.com", "name": "--> nop_commerce"}, {"type": "issue", "url": "ABC-005", "name": "ABC-005"}]}