{"name": "Test_User_Login_Params", "status": "broken", "statusDetails": {"message": "selenium.common.exceptions.ElementClickInterceptedException: Message: element click intercepted: Element <a class=\"nav-link\" href=\"/logout\">...</a> is not clickable at point (905, 28). Other element would receive the click: <div id=\"ajaxBusy\" style=\"display: block;\">...</div>\n  (Session info: chrome=121.0.6167.161)\nStacktrace:\n\tGetHandleVerifier [0x00007FF62A7B5E42+3538674]\n\t(No symbol) [0x00007FF62A3D4C02]\n\t(No symbol) [0x00007FF62A285AEB]\n\t(No symbol) [0x00007FF62A2D33E4]\n\t(No symbol) [0x00007FF62A2D1122]\n\t(No symbol) [0x00007FF62A2CE884]\n\t(No symbol) [0x00007FF62A2CD5A9]\n\t(No symbol) [0x00007FF62A2C1950]\n\t(No symbol) [0x00007FF62A2EF0AA]\n\t(No symbol) [0x00007FF62A2C124A]\n\t(No symbol) [0x00007FF62A2EF2C0]\n\t(No symbol) [0x00007FF62A30BDE3]\n\t(No symbol) [0x00007FF62A2EEE53]\n\t(No symbol) [0x00007FF62A2BF514]\n\t(No symbol) [0x00007FF62A2C0631]\n\tGetHandleVerifier [0x00007FF62A7E6CAD+3738973]\n\tGetHandleVerifier [0x00007FF62A83C506+4089270]\n\tGetHandleVerifier [0x00007FF62A834823+4057299]\n\tGetHandleVerifier [0x00007FF62A505C49+720121]\n\t(No symbol) [0x00007FF62A3E126F]\n\t(No symbol) [0x00007FF62A3DC304]\n\t(No symbol) [0x00007FF62A3DC432]\n\t(No symbol) [0x00007FF62A3CBD04]\n\tBaseThreadInitThunk [0x00007FFCB40C7344+20]\n\tRtlUserThreadStart [0x00007FFCB50026B1+33]", "trace": "self = <test_cases.test_user_login_params.Test_user_login object at 0x000001ADA19722D0>\nsetup = <selenium.webdriver.chrome.webdriver.WebDriver (session=\"bdf8d58bc114fa1c765f9460a7eeb3fa\")>\ndata_for_login = ('admin@yourstore.com', 'admin', 'pass')\n\n    @allure.title('Test_User_Login_Params')\n    @allure.feature('Login Through Params')\n    @allure.story('validating login with multiple parameters')\n    @allure.description('testing_login_functionality')\n    @allure.issue('ABC-005')\n    @allure.link(url=\"--> https://admin-demo.nopcommerce.com\", name=\"--> nop_commerce\")\n    @allure.severity(allure.severity_level.CRITICAL)\n    def test_login_with_params(self, setup, data_for_login):\n        self.logs.info(\"Testcase 'test_login_with_params' Started\")\n        self.logs.info(\"Opening the Browser\")\n        self.driver = setup\n        self.logs.info(\"Assigning Variable to Login Page\")\n        self.lp = Login_page(self.driver)\n        self.logs.info(\"Entering Email from Params -->\" + data_for_login[0])\n        self.lp.email(data_for_login[0])\n        self.logs.info(\"Entering Password from Params -->\" + data_for_login[1])\n        self.lp.password(data_for_login[1])\n        self.logs.info(\"Clicking on Login Button\")\n        self.lp.login_btn()\n        testcase_status_list = []\n        if self.lp.login_verification() == \"Login Passed\":\n            self.logs.info(\"Login Successful\")\n            self.logs.info(\"Entered into 'outer if block'\")\n            if data_for_login[2] == \"pass\":\n                self.logs.info(\"Entered into 'inner if block' of 'outer if block' -->\" + data_for_login[2])\n                self.logs.info(\"Appending the list\")\n                testcase_status_list.append(\"pass\")\n                self.logs.info(\"Capturing Screenshot for Allure Report\")\n                allure.attach(self.driver.get_screenshot_as_png(), name='test_login_with_params_passed',\n                              attachment_type=AttachmentType.PNG)\n                self.logs.info(\"Clicking on logout Button\")\n>               self.lp.logout_btn()\n\ntest_cases\\test_user_login_params.py:42: \n_ _ _ _ _ _ _ _ _ _ _ _ _ _ _ _ _ _ _ _ _ _ _ _ _ _ _ _ _ _ _ _ _ _ _ _ _ _ _ _\npage_objects\\login_page.py:34: in logout_btn\n    self.driver.find_element(By.XPATH, self.logout_button_by_xpath).click()\nC:\\Users\\nomul\\AppData\\Local\\Programs\\Python\\Python311\\Lib\\site-packages\\selenium\\webdriver\\remote\\webelement.py:94: in click\n    self._execute(Command.CLICK_ELEMENT)\nC:\\Users\\nomul\\AppData\\Local\\Programs\\Python\\Python311\\Lib\\site-packages\\selenium\\webdriver\\remote\\webelement.py:395: in _execute\n    return self._parent.execute(command, params)\nC:\\Users\\nomul\\AppData\\Local\\Programs\\Python\\Python311\\Lib\\site-packages\\selenium\\webdriver\\remote\\webdriver.py:347: in execute\n    self.error_handler.check_response(response)\n_ _ _ _ _ _ _ _ _ _ _ _ _ _ _ _ _ _ _ _ _ _ _ _ _ _ _ _ _ _ _ _ _ _ _ _ _ _ _ _\n\nself = <selenium.webdriver.remote.errorhandler.ErrorHandler object at 0x000001ADAA688F50>\nresponse = {'status': 400, 'value': '{\"value\":{\"error\":\"element click intercepted\",\"message\":\"element click intercepted: Element ...07FF62A3CBD04]\\\\n\\\\tBaseThreadInitThunk [0x00007FFCB40C7344+20]\\\\n\\\\tRtlUserThreadStart [0x00007FFCB50026B1+33]\\\\n\"}}'}\n\n    def check_response(self, response: Dict[str, Any]) -> None:\n        \"\"\"Checks that a JSON response from the WebDriver does not have an\n        error.\n    \n        :Args:\n         - response - The JSON response from the WebDriver server as a dictionary\n           object.\n    \n        :Raises: If the response contains an error message.\n        \"\"\"\n        status = response.get(\"status\", None)\n        if not status or status == ErrorCode.SUCCESS:\n            return\n        value = None\n        message = response.get(\"message\", \"\")\n        screen: str = response.get(\"screen\", \"\")\n        stacktrace = None\n        if isinstance(status, int):\n            value_json = response.get(\"value\", None)\n            if value_json and isinstance(value_json, str):\n                import json\n    \n                try:\n                    value = json.loads(value_json)\n                    if len(value) == 1:\n                        value = value[\"value\"]\n                    status = value.get(\"error\", None)\n                    if not status:\n                        status = value.get(\"status\", ErrorCode.UNKNOWN_ERROR)\n                        message = value.get(\"value\") or value.get(\"message\")\n                        if not isinstance(message, str):\n                            value = message\n                            message = message.get(\"message\")\n                    else:\n                        message = value.get(\"message\", None)\n                except ValueError:\n                    pass\n    \n        exception_class: Type[WebDriverException]\n        e = ErrorCode()\n        error_codes = [item for item in dir(e) if not item.startswith(\"__\")]\n        for error_code in error_codes:\n            error_info = getattr(ErrorCode, error_code)\n            if isinstance(error_info, list) and status in error_info:\n                exception_class = getattr(ExceptionMapping, error_code, WebDriverException)\n                break\n        else:\n            exception_class = WebDriverException\n    \n        if not value:\n            value = response[\"value\"]\n        if isinstance(value, str):\n            raise exception_class(value)\n        if message == \"\" and \"message\" in value:\n            message = value[\"message\"]\n    \n        screen = None  # type: ignore[assignment]\n        if \"screen\" in value:\n            screen = value[\"screen\"]\n    \n        stacktrace = None\n        st_value = value.get(\"stackTrace\") or value.get(\"stacktrace\")\n        if st_value:\n            if isinstance(st_value, str):\n                stacktrace = st_value.split(\"\\n\")\n            else:\n                stacktrace = []\n                try:\n                    for frame in st_value:\n                        line = frame.get(\"lineNumber\", \"\")\n                        file = frame.get(\"fileName\", \"<anonymous>\")\n                        if line:\n                            file = f\"{file}:{line}\"\n                        meth = frame.get(\"methodName\", \"<anonymous>\")\n                        if \"className\" in frame:\n                            meth = f\"{frame['className']}.{meth}\"\n                        msg = \"    at %s (%s)\"\n                        msg = msg % (meth, file)\n                        stacktrace.append(msg)\n                except TypeError:\n                    pass\n        if exception_class == UnexpectedAlertPresentException:\n            alert_text = None\n            if \"data\" in value:\n                alert_text = value[\"data\"].get(\"text\")\n            elif \"alert\" in value:\n                alert_text = value[\"alert\"].get(\"text\")\n            raise exception_class(message, screen, stacktrace, alert_text)  # type: ignore[call-arg]  # mypy is not smart enough here\n>       raise exception_class(message, screen, stacktrace)\nE       selenium.common.exceptions.ElementClickInterceptedException: Message: element click intercepted: Element <a class=\"nav-link\" href=\"/logout\">...</a> is not clickable at point (905, 28). Other element would receive the click: <div id=\"ajaxBusy\" style=\"display: block;\">...</div>\nE         (Session info: chrome=121.0.6167.161)\nE       Stacktrace:\nE       \tGetHandleVerifier [0x00007FF62A7B5E42+3538674]\nE       \t(No symbol) [0x00007FF62A3D4C02]\nE       \t(No symbol) [0x00007FF62A285AEB]\nE       \t(No symbol) [0x00007FF62A2D33E4]\nE       \t(No symbol) [0x00007FF62A2D1122]\nE       \t(No symbol) [0x00007FF62A2CE884]\nE       \t(No symbol) [0x00007FF62A2CD5A9]\nE       \t(No symbol) [0x00007FF62A2C1950]\nE       \t(No symbol) [0x00007FF62A2EF0AA]\nE       \t(No symbol) [0x00007FF62A2C124A]\nE       \t(No symbol) [0x00007FF62A2EF2C0]\nE       \t(No symbol) [0x00007FF62A30BDE3]\nE       \t(No symbol) [0x00007FF62A2EEE53]\nE       \t(No symbol) [0x00007FF62A2BF514]\nE       \t(No symbol) [0x00007FF62A2C0631]\nE       \tGetHandleVerifier [0x00007FF62A7E6CAD+3738973]\nE       \tGetHandleVerifier [0x00007FF62A83C506+4089270]\nE       \tGetHandleVerifier [0x00007FF62A834823+4057299]\nE       \tGetHandleVerifier [0x00007FF62A505C49+720121]\nE       \t(No symbol) [0x00007FF62A3E126F]\nE       \t(No symbol) [0x00007FF62A3DC304]\nE       \t(No symbol) [0x00007FF62A3DC432]\nE       \t(No symbol) [0x00007FF62A3CBD04]\nE       \tBaseThreadInitThunk [0x00007FFCB40C7344+20]\nE       \tRtlUserThreadStart [0x00007FFCB50026B1+33]\n\nC:\\Users\\nomul\\AppData\\Local\\Programs\\Python\\Python311\\Lib\\site-packages\\selenium\\webdriver\\remote\\errorhandler.py:229: ElementClickInterceptedException"}, "description": "testing_login_functionality", "attachments": [{"name": "test_login_with_params_passed", "source": "693c7582-3fc9-4694-b634-5282f25649bf-attachment.png", "type": "image/png"}, {"name": "log", "source": "2002c2ad-72a8-4ed4-9434-fede9d9b4e97-attachment.txt", "type": "text/plain"}, {"name": "stdout", "source": "9c3a1cc0-4ec0-40ab-a07f-d7644cfa226a-attachment.txt", "type": "text/plain"}], "parameters": [{"name": "data_for_login", "value": "('admin@yourstore.com', 'admin', 'pass')"}], "start": 1707462478411, "stop": 1707462546694, "uuid": "97ccad10-0bc1-495f-92b0-cd189b32ddf5", "historyId": "0a47b2b6cfb58054f60385e9fc5d8ceb", "testCaseId": "637901da7086999cee4ed610515a9e89", "fullName": "test_cases.test_user_login_params.Test_user_login#test_login_with_params", "labels": [{"name": "severity", "value": "critical"}, {"name": "story", "value": "validating login with multiple parameters"}, {"name": "feature", "value": "Login Through Params"}, {"name": "parentSuite", "value": "test_cases"}, {"name": "suite", "value": "test_user_login_params"}, {"name": "subSuite", "value": "Test_user_login"}, {"name": "host", "value": "LAPTOP-1DT8TVKR"}, {"name": "thread", "value": "19244-MainThread"}, {"name": "framework", "value": "pytest"}, {"name": "language", "value": "cpython3"}, {"name": "package", "value": "test_cases.test_user_login_params"}], "links": [{"type": "link", "url": "--> https://admin-demo.nopcommerce.com", "name": "--> nop_commerce"}, {"type": "issue", "url": "ABC-005", "name": "ABC-005"}]}